app/build/outputs/mapping/release/seeds.txt
com.stronger.bankNotification.notification_listener_service
com.stronger.bankNotification.sms_receiver
com.stronger.bankNotification.main_activity
com.stronger.bankNotification.sms_receiver: sms_receiver()
com.stronger.bankNotification.main_activity: main_activity()
com.stronger.bankNotification.notification_listener_service: notification_listener_service()
...
com.esotericsoftware.kryo.util.Util: boolean IS_ANDROID
de.javakaffee.kryoserializers.UnmodifiableCollectionsSerializer$UnmodifiableCollection: de.javakaffee.kryoserializers.UnmodifiableCollectionsSerializer$UnmodifiableCollection SET
org.conscrypt.OpenSSLCipher$Mode: org.conscrypt.OpenSSLCipher$Mode GCM_SIV
de.javakaffee.kryoserializers.guava.ImmutableMapSerializer$DummyEnum: de.javakaffee.kryoserializers.guava.ImmutableMapSerializer$DummyEnum VALUE2
org.conscrypt.EvpMdRef$SHA224: java.lang.String OID
io.paperdb.DbStoragePlainFile: boolean mPaperDirIsCreated
org.conscrypt.SSLParametersImpl: java.lang.Boolean useSni
org.conscrypt.BuildConfig: java.lang.String FLAVOR
com.esotericsoftware.kryo.util.IntMap$MapIterator: int INDEX_ZERO
org.conscrypt.OpenSSLContextImpl: org.conscrypt.SSLParametersImpl sslParameters
org.conscrypt.ct.CTConstants: int SERIALIZED_SCT_LENGTH_BYTES
org.conscrypt.ActiveSession: java.security.cert.X509Certificate[] localCertificates
io.paperdb.Book: io.paperdb.DbStoragePlainFile mStorage
org.conscrypt.NativeConstants: int SSL3_RT_MAX_PACKET_SIZE
org.conscrypt.OpenSSLCipherRSA: boolean usingPrivateKey
org.conscrypt.ClientSessionContext$HostAndPort: java.lang.String host
io.paperdb.BuildConfig: boolean DEBUG
org.conscrypt.AbstractSessionContext: java.util.Map sessions
de.javakaffee.kryoserializers.guava.ImmutableMapSerializer$DummyEnum: de.javakaffee.kryoserializers.guava.ImmutableMapSerializer$DummyEnum[] $VALUES
org.conscrypt.TrustManagerImpl: java.security.cert.CertPathValidator validator
androidx.customview.view.AbsSavedState: android.os.Parcelable$Creator CREATOR
com.esotericsoftware.kryo.util.IntMap: int stashCapacity
org.conscrypt.OpenSSLX509CertificateFactory: org.conscrypt.OpenSSLX509CertificateFactory$Parser crlParser
org.conscrypt.NativeConstants: int SSL_ERROR_NONE
org.conscrypt.OpenSSLECPrivateKey: org.conscrypt.OpenSSLKey key
org.conscrypt.OpenSSLProvider: java.lang.String PREFIX
com.esotericsoftware.kryo.serializers.BeanSerializer$1: com.esotericsoftware.kryo.serializers.BeanSerializer this$0
org.conscrypt.ConscryptFileDescriptorSocket$SSLInputStream: org.conscrypt.ConscryptFileDescriptorSocket this$0
org.conscrypt.NativeConstants: int SSL_OP_CIPHER_SERVER_PREFERENCE
org.conscrypt.OpenSSLECDHKeyAgreement: byte[] mResult
com.esotericsoftware.kryo.util.IdentityMap: int PRIME2
io.paperdb.Paper: java.util.HashMap mCustomSerializers
org.conscrypt.ct.VerifiedSCT$Status: org.conscrypt.ct.VerifiedSCT$Status[] $VALUES
org.conscrypt.BuildConfig: int VERSION_CODE
org.conscrypt.OpenSSLX509CertPath$Encoding: org.conscrypt.OpenSSLX509CertPath$Encoding[] $VALUES
org.conscrypt.PSKKeyManager: int MAX_IDENTITY_HINT_LENGTH_BYTES
androidx.recyclerview.widget.RecyclerView: boolean mPostedAnimatorRunner
org.conscrypt.OpenSSLECPublicKey: org.conscrypt.OpenSSLECGroupContext group
org.conscrypt.SSLUtils: java.nio.charset.Charset US_ASCII
com.esotericsoftware.kryo.serializers.DeflateSerializer: int compressionLevel
de.javakaffee.kryoserializers.guava.ReverseListSerializer: com.esotericsoftware.kryo.serializers.CollectionSerializer serializer
com.esotericsoftware.kryo.Kryo: boolean references
org.conscrypt.OpenSSLX509CertificateFactory$2: org.conscrypt.OpenSSLX509CertificateFactory this$0
org.conscrypt.ct.CTConstants: java.lang.String X509_SCT_LIST_OID
org.conscrypt.OpenSSLSignature$RSAPSSPadding: long mgf1EvpMdRef
androidx.recyclerview.widget.RecyclerView: int[] mMinMaxLayoutPositions
org.conscrypt.ct.VerifiedSCT: org.conscrypt.ct.VerifiedSCT$Status status
android.support.v4.media.MediaMetadataCompat: android.os.Parcelable$Creator CREATOR
org.conscrypt.Java8EngineWrapper$1: java.util.function.BiFunction val$selector
org.conscrypt.FileClientSessionCache$Impl: int size
org.conscrypt.GCMParameters: int DEFAULT_TLEN
com.esotericsoftware.kryo.util.DefaultClassResolver: int nextNameId
org.conscrypt.ct.DigitallySigned$SignatureAlgorithm: org.conscrypt.ct.DigitallySigned$SignatureAlgorithm RSA