app/build/outputs/mapping/release/mapping.txt
# compiler: R8
# compiler_version: 3.0.76
# min_api: 22
# pg_map_id: 2f7b3ed
# common_typos_disable
com.stronger.bankNotification.AsyncTask -> a1.a:
    java.lang.Void doInBackground(java.lang.String[]) -> a
com.stronger.bankNotification.ConnectionHelper -> a1.b:
    java.sql.Connection con -> a
    java.lang.String databaseName -> f
    java.lang.String password -> c
    java.lang.String username -> b
    java.lang.String port -> e
    java.lang.String ip -> d
    void NewNotification(java.lang.String,java.lang.String,java.lang.String,java.lang.String,java.lang.String) -> a
    void Open() -> b
com.stronger.bankNotification.main_activity -> com.stronger.bankNotification.main_activity:
    android.content.SharedPreferences sharedPreferences -> u
    boolean set_permissionSMS_back -> v
    boolean set_permissionListenNotification_back -> w
    android.content.Context context -> t
    void $r8$lambda$Din757mgQmBheBQLC7adLsFyhq4(com.stronger.bankNotification.main_activity,android.widget.CompoundButton,boolean) -> F
    void $r8$lambda$G2_fG2mN-1XTgvwaNg5tsle0eC4(com.stronger.bankNotification.main_activity,android.widget.EditText,android.view.View) -> G
    void $r8$lambda$gh4Cytig9Dt8YK46QRXWb2JhY6o(com.stronger.bankNotification.main_activity,android.widget.CompoundButton,boolean) -> H
    void lambda$onCreate$0(android.widget.CompoundButton,boolean) -> I
    void lambda$onCreate$1(android.widget.CompoundButton,boolean) -> J
    void lambda$onCreate$2(android.widget.EditText,android.view.View) -> K
com.stronger.bankNotification.notification_listener_service -> com.stronger.bankNotification.notification_listener_service:
    android.content.Context context -> b
    android.content.SharedPreferences sharedPreferences -> c
com.stronger.bankNotification.public_func -> com.stronger.bankNotification.a:
    android.app.Notification get_notification_obj(android.content.Context,java.lang.String) -> a
...
androidx.appcompat.widget.SearchView$7 -> androidx.appcompat.widget.SearchView$h:
    androidx.appcompat.widget.SearchView this$0 -> a
androidx.appcompat.widget.SearchView$8 -> androidx.appcompat.widget.SearchView$i:
    androidx.appcompat.widget.SearchView this$0 -> b
androidx.appcompat.widget.SearchView$9 -> androidx.appcompat.widget.SearchView$j:
    androidx.appcompat.widget.SearchView this$0 -> b
androidx.appcompat.widget.SearchView$AutoCompleteTextViewReflector -> androidx.appcompat.widget.SearchView$k:
    java.lang.reflect.Method ensureImeVisible -> c
    java.lang.reflect.Method doBeforeTextChanged -> a
    java.lang.reflect.Method doAfterTextChanged -> b
    void doAfterTextChanged(android.widget.AutoCompleteTextView) -> a
    void doBeforeTextChanged(android.widget.AutoCompleteTextView) -> b
    void ensureImeVisible(android.widget.AutoCompleteTextView,boolean) -> c
androidx.appcompat.widget.SearchView$OnCloseListener -> androidx.appcompat.widget.SearchView$l:
    boolean onClose() -> a
androidx.appcompat.widget.SearchView$OnQueryTextListener -> androidx.appcompat.widget.SearchView$m:
    boolean onQueryTextChange(java.lang.String) -> a
    boolean onQueryTextSubmit(java.lang.String) -> b
androidx.appcompat.widget.SearchView$OnSuggestionListener -> androidx.appcompat.widget.SearchView$n:
    boolean onSuggestionSelect(int) -> a
    boolean onSuggestionClick(int) -> b
androidx.appcompat.widget.SearchView$SavedState -> androidx.appcompat.widget.SearchView$o:
    boolean isIconified -> d
androidx.appcompat.widget.SearchView$SavedState$1 -> androidx.appcompat.widget.SearchView$o$a:
    androidx.appcompat.widget.SearchView$SavedState createFromParcel(android.os.Parcel) -> a
    androidx.appcompat.widget.SearchView$SavedState createFromParcel(android.os.Parcel,java.lang.ClassLoader) -> b
    androidx.appcompat.widget.SearchView$SavedState[] newArray(int) -> c
androidx.appcompat.widget.SearchView$SearchAutoComplete -> androidx.appcompat.widget.SearchView$SearchAutoComplete:
    java.lang.Runnable mRunShowSoftInputIfNecessary -> h
    boolean mHasPendingShowSoftInputRequest -> g
    int mThreshold -> e
    androidx.appcompat.widget.SearchView mSearchView -> f
    boolean isEmpty() -> a
    void showSoftInputIfNecessary() -> b
androidx.appcompat.widget.SearchView$SearchAutoComplete$1 -> androidx.appcompat.widget.SearchView$SearchAutoComplete$a:
    androidx.appcompat.widget.SearchView$SearchAutoComplete this$0 -> b
androidx.appcompat.widget.SearchView$UpdatableTouchDelegate -> androidx.appcompat.widget.SearchView$p:
    android.view.View mDelegateView -> a
    boolean mDelegateTargeted -> f
    int mSlop -> e
    android.graphics.Rect mActualBounds -> c
    android.graphics.Rect mSlopBounds -> d
    android.graphics.Rect mTargetBounds -> b
    void setBounds(android.graphics.Rect,android.graphics.Rect) -> a