app/build/outputs/mapping/release/usage.txt
com.stronger.bankNotification.BuildConfig
com.stronger.bankNotification.R$anim
com.stronger.bankNotification.R$animator
com.stronger.bankNotification.R$attr
com.stronger.bankNotification.R$bool
com.stronger.bankNotification.R$color
com.stronger.bankNotification.R$dimen
com.stronger.bankNotification.R$drawable
com.stronger.bankNotification.R$id
com.stronger.bankNotification.R$integer
com.stronger.bankNotification.R$interpolator
com.stronger.bankNotification.R$layout
com.stronger.bankNotification.R$mipmap
com.stronger.bankNotification.R$plurals
com.stronger.bankNotification.R$string
com.stronger.bankNotification.R$style
com.stronger.bankNotification.R$styleable
com.stronger.bankNotification.R$xml
com.stronger.bankNotification.R
com.stronger.bankNotification.main_activity:
    private java.sql.Connection connection
com.stronger.bankNotification.public_func:
    static final java.lang.String BROADCAST_STOP_SERVICE
    static final int battery_notify_id
    static final int chat_command_notify_id
    static final int notification_listener_service_notify_id
    static final int resend_service_notify_id
    static final int send_ussd_servce_notify_id
    static boolean check_network_status(android.content.Context)
    static int get_active_card(android.content.Context)
    private static java.net.InetAddress get_by_ip(java.lang.String)
    static java.lang.String get_dual_sim_card_display(android.content.Context,int,boolean)
    static java.lang.String get_send_phone_number(java.lang.String)
    static java.lang.String get_sim_display_name(android.content.Context,int)
    static int get_sub_id(android.content.Context,int)
    static java.lang.String get_url(java.lang.String,java.lang.String)
    static boolean is_notify_listener(android.content.Context)
    static boolean is_phone_number(java.lang.String)
    static long parse_long(java.lang.String)
    static java.lang.String read_log(android.content.Context,int)
    static void reset_log_file(android.content.Context)
    static void start_service(android.content.Context)
    static void stop_all_service(android.content.Context)
    static void write_log(android.content.Context,java.lang.String)
    private static void write_log_file(android.content.Context,java.lang.String,int)
com.stronger.bankNotification.sms_receiver:
    private static final java.lang.String SMS_RECEIVED
com.stronger.bankNotification.main_activity:
    java.lang.String ConnectionResul
com.stronger.bankNotification.public_func:
    static final synthetic boolean $assertionsDisabled
    static final okhttp3.MediaType JSON
    void <init>()
...
androidx.constraintlayout.widget.Guideline
androidx.constraintlayout.widget.Placeholder
androidx.constraintlayout.widget.R$attr
androidx.constraintlayout.widget.R$id
androidx.constraintlayout.widget.R$styleable
androidx.constraintlayout.widget.R
androidx.coordinatorlayout.R$attr:
    public static final int alpha
    public static final int font
    public static final int fontProviderAuthority
    public static final int fontProviderCerts
    public static final int fontProviderFetchStrategy
    public static final int fontProviderFetchTimeout
    public static final int fontProviderPackage
    public static final int fontProviderQuery
    public static final int fontStyle
    public static final int fontVariationSettings
    public static final int fontWeight
    public static final int keylines
    public static final int layout_anchor
    public static final int layout_anchorGravity
    public static final int layout_behavior
    public static final int layout_dodgeInsetEdges
    public static final int layout_insetEdge
    public static final int layout_keyline
    public static final int statusBarBackground
    public static final int ttcIndex
    private void <init>()
androidx.coordinatorlayout.R$color
androidx.coordinatorlayout.R$dimen
androidx.coordinatorlayout.R$drawable
androidx.coordinatorlayout.R$id
androidx.coordinatorlayout.R$integer
androidx.coordinatorlayout.R$layout
androidx.coordinatorlayout.R$string
androidx.coordinatorlayout.R$style:
    public static final int TextAppearance_Compat_Notification
    public static final int TextAppearance_Compat_Notification_Info
    public static final int TextAppearance_Compat_Notification_Line2
    public static final int TextAppearance_Compat_Notification_Time
    public static final int TextAppearance_Compat_Notification_Title
    public static final int Widget_Compat_NotificationActionContainer
    public static final int Widget_Compat_NotificationActionText
    private void <init>()
androidx.coordinatorlayout.R$styleable:
    public static final int ColorStateListItem_alpha
    public static final int ColorStateListItem_android_alpha
    public static final int ColorStateListItem_android_color
    public static final int FontFamilyFont_android_font
    public static final int FontFamilyFont_android_fontStyle
    public static final int FontFamilyFont_android_fontVariationSettings
    public static final int FontFamilyFont_android_fontWeight
    public static final int FontFamilyFont_android_ttcIndex
    public static final int FontFamilyFont_font
    public static final int FontFamilyFont_fontStyle
    public static final int FontFamilyFont_fontVariationSettings
    public static final int FontFamilyFont_fontWeight
    public static final int FontFamilyFont_ttcIndex
    public static final int FontFamily_fontProviderAuthority
    public static final int FontFamily_fontProviderCerts
    public static final int FontFamily_fontProviderFetchStrategy
    public static final int FontFamily_fontProviderFetchTimeout
    public static final int FontFamily_fontProviderPackage
    public static final int FontFamily_fontProviderQuery
    public static final int GradientColorItem_android_color
    public static final int GradientColorItem_android_offset
    public static final int GradientColor_android_centerColor
    public static final int GradientColor_android_centerX
    public static final int GradientColor_android_centerY
androidx.coordinatorlayout.R
androidx.coordinatorlayout.widget.CoordinatorLayout$Behavior:
    public static java.lang.Object getTag(android.view.View)
    public static void setTag(android.view.View,java.lang.Object)
androidx.coordinatorlayout.widget.CoordinatorLayout$DispatchChangeEvent
androidx.coordinatorlayout.widget.CoordinatorLayout$LayoutParams:
    void invalidateAnchor()
    public void setAnchorId(int)